# JRE version: OpenJDK Runtime Environment (8.0_242-b01) (build 1.8.0_242-release-1644-b01)
# Java VM: OpenJDK 64-Bit Server VM (25.242-b01 mixed mode windows-amd64 compressed oops)
Heap:
 PSYoungGen      total 483328K, used 42119K [0x00000000d5580000, 0x00000000f6180000, 0x0000000100000000)
  eden space 432128K, 8% used [0x00000000d5580000,0x00000000d7a13e28,0x00000000efb80000)
  from space 51200K, 9% used [0x00000000efb80000,0x00000000f000e0c8,0x00000000f2d80000)
  to   space 52224K, 0% used [0x00000000f2d80000,0x00000000f2d80000,0x00000000f6080000)
 ParOldGen       total 201728K, used 143649K [0x0000000080000000, 0x000000008c500000, 0x00000000d5580000)
  object space 201728K, 71% used [0x0000000080000000,0x0000000088c487b8,0x000000008c500000)
 Metaspace       used 106329K, capacity 111850K, committed 111912K, reserved 1146880K
  class space    used 13772K, capacity 14839K, committed 14888K, reserved 1048576K
GC Heap History (10 events):
Event: 411.251 GC heap before
{Heap before GC invocations=29 (full 4):
 PSYoungGen      total 403968K, used 368740K [0x00000000d5580000, 0x00000000f7a00000, 0x0000000100000000)
  eden space 364544K, 100% used [0x00000000d5580000,0x00000000eb980000,0x00000000eb980000)
  from space 39424K, 10% used [0x00000000eed80000,0x00000000ef1992e8,0x00000000f1400000)
  to   space 53248K, 0% used [0x00000000eb980000,0x00000000eb980000,0x00000000eed80000)
 ParOldGen       total 201728K, used 118844K [0x0000000080000000, 0x000000008c500000, 0x00000000d5580000)
  object space 201728K, 58% used [0x0000000080000000,0x000000008740f348,0x000000008c500000)
 Metaspace       used 104995K, capacity 110468K, committed 110760K, reserved 1144832K
  class space    used 13613K, capacity 14660K, committed 14760K, reserved 1048576K
Event: 411.268 GC heap after
Heap after GC invocations=29 (full 4):
 PSYoungGen      total 417792K, used 5572K [0x00000000d5580000, 0x00000000f6080000, 0x0000000100000000)
  eden space 364544K, 0% used [0x00000000d5580000,0x00000000d5580000,0x00000000eb980000)
  from space 53248K, 10% used [0x00000000eb980000,0x00000000ebef1288,0x00000000eed80000)
  to   space 52224K, 0% used [0x00000000f2d80000,0x00000000f2d80000,0x00000000f6080000)
 ParOldGen       total 201728K, used 122340K [0x0000000080000000, 0x000000008c500000, 0x00000000d5580000)
  object space 201728K, 60% used [0x0000000080000000,0x00000000877793a8,0x000000008c500000)
 Metaspace       used 104995K, capacity 110468K, committed 110760K, reserved 1144832K
  class space    used 13613K, capacity 14660K, committed 14760K, reserved 1048576K
}
Event: 411.835 GC heap before
{Heap before GC invocations=30 (full 4):
 PSYoungGen      total 417792K, used 370116K [0x00000000d5580000, 0x00000000f6080000, 0x0000000100000000)
  eden space 364544K, 100% used [0x00000000d5580000,0x00000000eb980000,0x00000000eb980000)
  from space 53248K, 10% used [0x00000000eb980000,0x00000000ebef1288,0x00000000eed80000)
  to   space 52224K, 0% used [0x00000000f2d80000,0x00000000f2d80000,0x00000000f6080000)
 ParOldGen       total 201728K, used 122340K [0x0000000080000000, 0x000000008c500000, 0x00000000d5580000)
  object space 201728K, 60% used [0x0000000080000000,0x00000000877793a8,0x000000008c500000)
 Metaspace       used 105028K, capacity 110472K, committed 110760K, reserved 1144832K
  class space    used 13613K, capacity 14660K, committed 14760K, reserved 1048576K
Event: 411.860 GC heap after
Heap after GC invocations=30 (full 4):
 PSYoungGen      total 484352K, used 5334K [0x00000000d5580000, 0x00000000f6180000, 0x0000000100000000)
  eden space 432128K, 0% used [0x00000000d5580000,0x00000000d5580000,0x00000000efb80000)
  from space 52224K, 10% used [0x00000000f2d80000,0x00000000f32b5ba8,0x00000000f6080000)
  to   space 51200K, 0% used [0x00000000efb80000,0x00000000efb80000,0x00000000f2d80000)
 ParOldGen       total 201728K, used 126740K [0x0000000080000000, 0x000000008c500000, 0x00000000d5580000)
  object space 201728K, 62% used [0x0000000080000000,0x0000000087bc53b8,0x000000008c500000)
 Metaspace       used 105028K, capacity 110472K, committed 110760K, reserved 1144832K
  class space    used 13613K, capacity 14660K, committed 14760K, reserved 1048576K
}
Event: 412.575 GC heap before
{Heap before GC invocations=31 (full 4):
 PSYoungGen      total 484352K, used 437462K [0x00000000d5580000, 0x00000000f6180000, 0x0000000100000000)
  eden space 432128K, 100% used [0x00000000d5580000,0x00000000efb80000,0x00000000efb80000)
  from space 52224K, 10% used [0x00000000f2d80000,0x00000000f32b5ba8,0x00000000f6080000)
  to   space 51200K, 0% used [0x00000000efb80000,0x00000000efb80000,0x00000000f2d80000)
 ParOldGen       total 201728K, used 126740K [0x0000000080000000, 0x000000008c500000, 0x00000000d5580000)
  object space 201728K, 62% used [0x0000000080000000,0x0000000087bc53b8,0x000000008c500000)
 Metaspace       used 105780K, capacity 111246K, committed 111400K, reserved 1146880K
  class space    used 13735K, capacity 14799K, committed 14888K, reserved 1048576K
Event: 412.589 GC heap after
Heap after GC invocations=31 (full 4):
 PSYoungGen      total 483328K, used 6206K [0x00000000d5580000, 0x00000000f6180000, 0x0000000100000000)
  eden space 432128K, 0% used [0x00000000d5580000,0x00000000d5580000,0x00000000efb80000)
  from space 51200K, 12% used [0x00000000efb80000,0x00000000f018f910,0x00000000f2d80000)
  to   space 52224K, 0% used [0x00000000f2d80000,0x00000000f2d80000,0x00000000f6080000)
 ParOldGen       total 201728K, used 131779K [0x0000000080000000, 0x000000008c500000, 0x00000000d5580000)
  object space 201728K, 65% used [0x0000000080000000,0x00000000880b0c60,0x000000008c500000)
 Metaspace       used 105780K, capacity 111246K, committed 111400K, reserved 1146880K
  class space    used 13735K, capacity 14799K, committed 14888K, reserved 1048576K
}
Event: 413.884 GC heap before
{Heap before GC invocations=32 (full 4):
 PSYoungGen      total 483328K, used 438334K [0x00000000d5580000, 0x00000000f6180000, 0x0000000100000000)
  eden space 432128K, 100% used [0x00000000d5580000,0x00000000efb80000,0x00000000efb80000)
  from space 51200K, 12% used [0x00000000efb80000,0x00000000f018f910,0x00000000f2d80000)
  to   space 52224K, 0% used [0x00000000f2d80000,0x00000000f2d80000,0x00000000f6080000)
 ParOldGen       total 201728K, used 131779K [0x0000000080000000, 0x000000008c500000, 0x00000000d5580000)
  object space 201728K, 65% used [0x0000000080000000,0x00000000880b0c60,0x000000008c500000)
 Metaspace       used 106255K, capacity 111786K, committed 111912K, reserved 1146880K
  class space    used 13772K, capacity 14839K, committed 14888K, reserved 1048576K
Event: 413.899 GC heap after
Heap after GC invocations=32 (full 4):
 PSYoungGen      total 484352K, used 8150K [0x00000000d5580000, 0x00000000f6180000, 0x0000000100000000)
  eden space 432128K, 0% used [0x00000000d5580000,0x00000000d5580000,0x00000000efb80000)
  from space 52224K, 15% used [0x00000000f2d80000,0x00000000f35759f8,0x00000000f6080000)
  to   space 51200K, 0% used [0x00000000efb80000,0x00000000efb80000,0x00000000f2d80000)
 ParOldGen       total 201728K, used 135835K [0x0000000080000000, 0x000000008c500000, 0x00000000d5580000)
  object space 201728K, 67% used [0x0000000080000000,0x00000000884a6c60,0x000000008c500000)
 Metaspace       used 106255K, capacity 111786K, committed 111912K, reserved 1146880K
  class space    used 13772K, capacity 14839K, committed 14888K, reserved 1048576K
}
Event: 415.255 GC heap before
{Heap before GC invocations=33 (full 4):
 PSYoungGen      total 484352K, used 440278K [0x00000000d5580000, 0x00000000f6180000, 0x0000000100000000)
  eden space 432128K, 100% used [0x00000000d5580000,0x00000000efb80000,0x00000000efb80000)
  from space 52224K, 15% used [0x00000000f2d80000,0x00000000f35759f8,0x00000000f6080000)
  to   space 51200K, 0% used [0x00000000efb80000,0x00000000efb80000,0x00000000f2d80000)
 ParOldGen       total 201728K, used 135835K [0x0000000080000000, 0x000000008c500000, 0x00000000d5580000)
  object space 201728K, 67% used [0x0000000080000000,0x00000000884a6c60,0x000000008c500000)
 Metaspace       used 106275K, capacity 111786K, committed 111912K, reserved 1146880K
  class space    used 13772K, capacity 14839K, committed 14888K, reserved 1048576K
Event: 415.273 GC heap after
Heap after GC invocations=33 (full 4):
 PSYoungGen      total 483328K, used 4664K [0x00000000d5580000, 0x00000000f6180000, 0x0000000100000000)
  eden space 432128K, 0% used [0x00000000d5580000,0x00000000d5580000,0x00000000efb80000)
  from space 51200K, 9% used [0x00000000efb80000,0x00000000f000e0c8,0x00000000f2d80000)
  to   space 52224K, 0% used [0x00000000f2d80000,0x00000000f2d80000,0x00000000f6080000)
 ParOldGen       total 201728K, used 143649K [0x0000000080000000, 0x000000008c500000, 0x00000000d5580000)
  object space 201728K, 71% used [0x0000000080000000,0x0000000088c487b8,0x000000008c500000)
 Metaspace       used 106275K, capacity 111786K, committed 111912K, reserved 1146880K
  class space    used 13772K, capacity 14839K, committed 14888K, reserved 1048576K
}

