# JRE version: OpenJDK Runtime Environment (11.0.10) (build 11.0.10+0-b96-7249189)
# Java VM: OpenJDK 64-Bit Server VM (11.0.10+0-b96-7249189, mixed mode, tiered, compressed oops, g1 gc, windows-amd64)
Heap:
 garbage-first heap   total 558080K, used 246227K [0x0000000080000000, 0x0000000100000000)
  region size 1024K, 10 young (10240K), 10 survivors (10240K)
 Metaspace       used 113302K, capacity 115953K, committed 116172K, reserved 1150976K
  class space    used 14448K, capacity 15497K, committed 15616K, reserved 1048576K
GC Heap History (20 events):
Event: 14.706 GC heap after
{Heap after GC invocations=30 (full 0):
 garbage-first heap   total 227328K, used 143167K [0x0000000080000000, 0x0000000100000000)
  region size 1024K, 9 young (9216K), 9 survivors (9216K)
 Metaspace       used 103598K, capacity 105901K, committed 106316K, reserved 1140736K
  class space    used 13152K, capacity 14051K, committed 14208K, reserved 1048576K
}
Event: 15.007 GC heap before
{Heap before GC invocations=31 (full 0):
 garbage-first heap   total 227328K, used 186175K [0x0000000080000000, 0x0000000100000000)
  region size 1024K, 48 young (49152K), 9 survivors (9216K)
 Metaspace       used 106500K, capacity 108866K, committed 109132K, reserved 1144832K
  class space    used 13716K, capacity 14626K, committed 14720K, reserved 1048576K
}
Event: 15.032 GC heap after
{Heap after GC invocations=32 (full 0):
 garbage-first heap   total 227328K, used 156374K [0x0000000080000000, 0x0000000100000000)
  region size 1024K, 6 young (6144K), 6 survivors (6144K)
 Metaspace       used 106500K, capacity 108866K, committed 109132K, reserved 1144832K
  class space    used 13716K, capacity 14626K, committed 14720K, reserved 1048576K
}
Event: 15.196 GC heap before
{Heap before GC invocations=32 (full 0):
 garbage-first heap   total 227328K, used 186070K [0x0000000080000000, 0x0000000100000000)
  region size 1024K, 35 young (35840K), 6 survivors (6144K)
 Metaspace       used 106938K, capacity 109311K, committed 109388K, reserved 1144832K
  class space    used 13741K, capacity 14662K, committed 14720K, reserved 1048576K
}
Event: 15.221 GC heap after
{Heap after GC invocations=33 (full 0):
 garbage-first heap   total 292864K, used 171752K [0x0000000080000000, 0x0000000100000000)
  region size 1024K, 5 young (5120K), 5 survivors (5120K)
 Metaspace       used 106938K, capacity 109311K, committed 109388K, reserved 1144832K
  class space    used 13741K, capacity 14662K, committed 14720K, reserved 1048576K
}
Event: 15.390 GC heap before
{Heap before GC invocations=33 (full 0):
 garbage-first heap   total 292864K, used 214760K [0x0000000080000000, 0x0000000100000000)
  region size 1024K, 48 young (49152K), 5 survivors (5120K)
 Metaspace       used 106986K, capacity 109315K, committed 109388K, reserved 1144832K
  class space    used 13741K, capacity 14662K, committed 14720K, reserved 1048576K
}
Event: 15.414 GC heap after
{Heap after GC invocations=34 (full 0):
 garbage-first heap   total 292864K, used 194901K [0x0000000080000000, 0x0000000100000000)
  region size 1024K, 6 young (6144K), 6 survivors (6144K)
 Metaspace       used 106986K, capacity 109315K, committed 109388K, reserved 1144832K
  class space    used 13741K, capacity 14662K, committed 14720K, reserved 1048576K
}
Event: 15.696 GC heap before
{Heap before GC invocations=35 (full 0):
 garbage-first heap   total 292864K, used 227669K [0x0000000080000000, 0x0000000100000000)
  region size 1024K, 39 young (39936K), 6 survivors (6144K)
 Metaspace       used 108627K, capacity 111125K, committed 111180K, reserved 1144832K
  class space    used 13982K, capacity 14925K, committed 14976K, reserved 1048576K
}
Event: 15.720 GC heap after
{Heap after GC invocations=36 (full 0):
 garbage-first heap   total 292864K, used 209500K [0x0000000080000000, 0x0000000100000000)
  region size 1024K, 5 young (5120K), 5 survivors (5120K)
 Metaspace       used 108627K, capacity 111125K, committed 111180K, reserved 1144832K
  class space    used 13982K, capacity 14925K, committed 14976K, reserved 1048576K
}
Event: 15.946 GC heap before
{Heap before GC invocations=36 (full 0):
 garbage-first heap   total 292864K, used 236124K [0x0000000080000000, 0x0000000100000000)
  region size 1024K, 31 young (31744K), 5 survivors (5120K)
 Metaspace       used 109354K, capacity 111940K, committed 112204K, reserved 1146880K
  class space    used 14110K, capacity 15107K, committed 15232K, reserved 1048576K
}
Event: 15.965 GC heap after
{Heap after GC invocations=37 (full 0):
 garbage-first heap   total 292864K, used 215415K [0x0000000080000000, 0x0000000100000000)
  region size 1024K, 4 young (4096K), 4 survivors (4096K)
 Metaspace       used 109354K, capacity 111940K, committed 112204K, reserved 1146880K
  class space    used 14110K, capacity 15107K, committed 15232K, reserved 1048576K
}
Event: 16.222 GC heap before
{Heap before GC invocations=37 (full 0):
 garbage-first heap   total 292864K, used 241015K [0x0000000080000000, 0x0000000100000000)
  region size 1024K, 29 young (29696K), 4 survivors (4096K)
 Metaspace       used 109634K, capacity 112325K, committed 112460K, reserved 1146880K
  class space    used 14146K, capacity 15169K, committed 15232K, reserved 1048576K
}
Event: 16.242 GC heap after
{Heap after GC invocations=38 (full 0):
 garbage-first heap   total 431104K, used 220089K [0x0000000080000000, 0x0000000100000000)
  region size 1024K, 4 young (4096K), 4 survivors (4096K)
 Metaspace       used 109634K, capacity 112325K, committed 112460K, reserved 1146880K
  class space    used 14146K, capacity 15169K, committed 15232K, reserved 1048576K
}
Event: 16.608 GC heap before
{Heap before GC invocations=39 (full 0):
 garbage-first heap   total 431104K, used 279481K [0x0000000080000000, 0x0000000100000000)
  region size 1024K, 69 young (70656K), 4 survivors (4096K)
 Metaspace       used 110248K, capacity 112994K, committed 113228K, reserved 1146880K
  class space    used 14180K, capacity 15180K, committed 15232K, reserved 1048576K
}
Event: 16.624 GC heap after
{Heap after GC invocations=40 (full 0):
 garbage-first heap   total 431104K, used 221981K [0x0000000080000000, 0x0000000100000000)
  region size 1024K, 9 young (9216K), 9 survivors (9216K)
 Metaspace       used 110248K, capacity 112994K, committed 113228K, reserved 1146880K
  class space    used 14180K, capacity 15180K, committed 15232K, reserved 1048576K
}
Event: 16.671 GC heap before
{Heap before GC invocations=40 (full 0):
 garbage-first heap   total 431104K, used 234269K [0x0000000080000000, 0x0000000100000000)
  region size 1024K, 21 young (21504K), 9 survivors (9216K)
 Metaspace       used 110315K, capacity 112997K, committed 113228K, reserved 1146880K
  class space    used 14180K, capacity 15180K, committed 15232K, reserved 1048576K
}
Event: 16.691 GC heap after
{Heap after GC invocations=41 (full 0):
 garbage-first heap   total 431104K, used 222871K [0x0000000080000000, 0x0000000100000000)
  region size 1024K, 3 young (3072K), 3 survivors (3072K)
 Metaspace       used 110315K, capacity 112997K, committed 113228K, reserved 1146880K
  class space    used 14180K, capacity 15180K, committed 15232K, reserved 1048576K
}
Event: 16.693 GC heap before
{Heap before GC invocations=41 (full 0):
 garbage-first heap   total 431104K, used 222871K [0x0000000080000000, 0x0000000100000000)
  region size 1024K, 4 young (4096K), 3 survivors (3072K)
 Metaspace       used 110317K, capacity 112997K, committed 113228K, reserved 1146880K
  class space    used 14180K, capacity 15180K, committed 15232K, reserved 1048576K
}
Event: 16.702 GC heap after
{Heap after GC invocations=42 (full 0):
 garbage-first heap   total 431104K, used 222433K [0x0000000080000000, 0x0000000100000000)
  region size 1024K, 3 young (3072K), 3 survivors (3072K)
 Metaspace       used 110317K, capacity 112997K, committed 113228K, reserved 1146880K
  class space    used 14180K, capacity 15180K, committed 15232K, reserved 1048576K
}
Event: 17.468 GC heap before
{Heap before GC invocations=43 (full 0):
 garbage-first heap   total 431104K, used 305377K [0x0000000080000000, 0x0000000100000000)
  region size 1024K, 75 young (76800K), 3 survivors (3072K)
 Metaspace       used 113302K, capacity 115953K, committed 116172K, reserved 1150976K
  class space    used 14448K, capacity 15497K, committed 15616K, reserved 1048576K
}

