# JRE version: OpenJDK Runtime Environment (11.0.10) (build 11.0.10+0-b96-7249189)
# Java VM: OpenJDK 64-Bit Server VM (11.0.10+0-b96-7249189, mixed mode, tiered, compressed oops, g1 gc, windows-amd64)
Heap:
 garbage-first heap   total 457728K, used 231256K [0x0000000080000000, 0x0000000100000000)
  region size 1024K, 22 young (22528K), 3 survivors (3072K)
 Metaspace       used 108793K, capacity 111450K, committed 111564K, reserved 1146880K
  class space    used 13999K, capacity 14950K, committed 15052K, reserved 1048576K
GC Heap History (20 events):
Event: 15.652 GC heap before
{Heap before GC invocations=30 (full 0):
 garbage-first heap   total 227328K, used 142331K [0x0000000080000000, 0x0000000100000000)
  region size 1024K, 42 young (43008K), 5 survivors (5120K)
 Metaspace       used 96555K, capacity 98759K, committed 99532K, reserved 1136640K
  class space    used 12213K, capacity 13053K, committed 13260K, reserved 1048576K
}
Event: 15.660 GC heap after
{Heap after GC invocations=31 (full 0):
 garbage-first heap   total 227328K, used 107925K [0x0000000080000000, 0x0000000100000000)
  region size 1024K, 7 young (7168K), 7 survivors (7168K)
 Metaspace       used 96555K, capacity 98759K, committed 99532K, reserved 1136640K
  class space    used 12213K, capacity 13053K, committed 13260K, reserved 1048576K
}
Event: 15.968 GC heap before
{Heap before GC invocations=32 (full 0):
 garbage-first heap   total 227328K, used 137621K [0x0000000080000000, 0x0000000100000000)
  region size 1024K, 28 young (28672K), 7 survivors (7168K)
 Metaspace       used 100034K, capacity 102272K, committed 102860K, reserved 1138688K
  class space    used 12727K, capacity 13565K, committed 13772K, reserved 1048576K
}
Event: 15.977 GC heap after
{Heap after GC invocations=33 (full 0):
 garbage-first heap   total 227328K, used 121254K [0x0000000080000000, 0x0000000100000000)
  region size 1024K, 8 young (8192K), 8 survivors (8192K)
 Metaspace       used 100034K, capacity 102272K, committed 102860K, reserved 1138688K
  class space    used 12727K, capacity 13565K, committed 13772K, reserved 1048576K
}
Event: 16.283 GC heap before
{Heap before GC invocations=34 (full 0):
 garbage-first heap   total 227328K, used 191910K [0x0000000080000000, 0x0000000100000000)
  region size 1024K, 58 young (59392K), 8 survivors (8192K)
 Metaspace       used 103336K, capacity 105707K, committed 106316K, reserved 1140736K
  class space    used 13129K, capacity 13987K, committed 14156K, reserved 1048576K
}
Event: 16.303 GC heap after
{Heap after GC invocations=35 (full 0):
 garbage-first heap   total 227328K, used 147341K [0x0000000080000000, 0x0000000100000000)
  region size 1024K, 8 young (8192K), 8 survivors (8192K)
 Metaspace       used 103336K, capacity 105707K, committed 106316K, reserved 1140736K
  class space    used 13129K, capacity 13987K, committed 14156K, reserved 1048576K
}
Event: 16.307 GC heap before
{Heap before GC invocations=35 (full 0):
 garbage-first heap   total 227328K, used 147341K [0x0000000080000000, 0x0000000100000000)
  region size 1024K, 9 young (9216K), 8 survivors (8192K)
 Metaspace       used 103369K, capacity 105707K, committed 106316K, reserved 1140736K
  class space    used 13131K, capacity 13987K, committed 14156K, reserved 1048576K
}
Event: 16.318 GC heap after
{Heap after GC invocations=36 (full 0):
 garbage-first heap   total 227328K, used 148701K [0x0000000080000000, 0x0000000100000000)
  region size 1024K, 1 young (1024K), 1 survivors (1024K)
 Metaspace       used 103369K, capacity 105707K, committed 106316K, reserved 1140736K
  class space    used 13131K, capacity 13987K, committed 14156K, reserved 1048576K
}
Event: 16.476 GC heap before
{Heap before GC invocations=36 (full 0):
 garbage-first heap   total 227328K, used 174301K [0x0000000080000000, 0x0000000100000000)
  region size 1024K, 23 young (23552K), 1 survivors (1024K)
 Metaspace       used 104704K, capacity 107118K, committed 107596K, reserved 1142784K
  class space    used 13346K, capacity 14223K, committed 14412K, reserved 1048576K
}
Event: 16.488 GC heap after
{Heap after GC invocations=37 (full 0):
 garbage-first heap   total 227328K, used 157548K [0x0000000080000000, 0x0000000100000000)
  region size 1024K, 3 young (3072K), 3 survivors (3072K)
 Metaspace       used 104704K, capacity 107118K, committed 107596K, reserved 1142784K
  class space    used 13346K, capacity 14223K, committed 14412K, reserved 1048576K
}
Event: 16.706 GC heap before
{Heap before GC invocations=38 (full 0):
 garbage-first heap   total 227328K, used 178028K [0x0000000080000000, 0x0000000100000000)
  region size 1024K, 23 young (23552K), 3 survivors (3072K)
 Metaspace       used 106660K, capacity 109153K, committed 109388K, reserved 1144832K
  class space    used 13713K, capacity 14622K, committed 14668K, reserved 1048576K
}
Event: 16.723 GC heap after
{Heap after GC invocations=39 (full 0):
 garbage-first heap   total 273408K, used 164494K [0x0000000080000000, 0x0000000100000000)
  region size 1024K, 3 young (3072K), 3 survivors (3072K)
 Metaspace       used 106660K, capacity 109153K, committed 109388K, reserved 1144832K
  class space    used 13713K, capacity 14622K, committed 14668K, reserved 1048576K
}
Event: 16.833 GC heap before
{Heap before GC invocations=39 (full 0):
 garbage-first heap   total 273408K, used 198286K [0x0000000080000000, 0x0000000100000000)
  region size 1024K, 36 young (36864K), 3 survivors (3072K)
 Metaspace       used 106834K, capacity 109290K, committed 109388K, reserved 1144832K
  class space    used 13719K, capacity 14623K, committed 14668K, reserved 1048576K
}
Event: 16.854 GC heap after
{Heap after GC invocations=40 (full 0):
 garbage-first heap   total 273408K, used 181687K [0x0000000080000000, 0x0000000100000000)
  region size 1024K, 5 young (5120K), 5 survivors (5120K)
 Metaspace       used 106834K, capacity 109290K, committed 109388K, reserved 1144832K
  class space    used 13719K, capacity 14623K, committed 14668K, reserved 1048576K
}
Event: 16.948 GC heap before
{Heap before GC invocations=40 (full 0):
 garbage-first heap   total 273408K, used 209335K [0x0000000080000000, 0x0000000100000000)
  region size 1024K, 32 young (32768K), 5 survivors (5120K)
 Metaspace       used 106857K, capacity 109355K, committed 109644K, reserved 1144832K
  class space    used 13719K, capacity 14623K, committed 14668K, reserved 1048576K
}
Event: 16.968 GC heap after
{Heap after GC invocations=41 (full 0):
 garbage-first heap   total 273408K, used 196918K [0x0000000080000000, 0x0000000100000000)
  region size 1024K, 4 young (4096K), 4 survivors (4096K)
 Metaspace       used 106857K, capacity 109355K, committed 109644K, reserved 1144832K
  class space    used 13719K, capacity 14623K, committed 14668K, reserved 1048576K
}
Event: 17.070 GC heap before
{Heap before GC invocations=41 (full 0):
 garbage-first heap   total 273408K, used 217398K [0x0000000080000000, 0x0000000100000000)
  region size 1024K, 25 young (25600K), 4 survivors (4096K)
 Metaspace       used 106864K, capacity 109355K, committed 109644K, reserved 1144832K
  class space    used 13719K, capacity 14623K, committed 14668K, reserved 1048576K
}
Event: 17.085 GC heap after
{Heap after GC invocations=42 (full 0):
 garbage-first heap   total 273408K, used 208585K [0x0000000080000000, 0x0000000100000000)
  region size 1024K, 4 young (4096K), 4 survivors (4096K)
 Metaspace       used 106864K, capacity 109355K, committed 109644K, reserved 1144832K
  class space    used 13719K, capacity 14623K, committed 14668K, reserved 1048576K
}
Event: 17.379 GC heap before
{Heap before GC invocations=43 (full 0):
 garbage-first heap   total 273408K, used 223945K [0x0000000080000000, 0x0000000100000000)
  region size 1024K, 20 young (20480K), 4 survivors (4096K)
 Metaspace       used 108535K, capacity 111112K, committed 111180K, reserved 1144832K
  class space    used 13963K, capacity 14885K, committed 14924K, reserved 1048576K
}
Event: 17.397 GC heap after
{Heap after GC invocations=44 (full 0):
 garbage-first heap   total 457728K, used 212824K [0x0000000080000000, 0x0000000100000000)
  region size 1024K, 3 young (3072K), 3 survivors (3072K)
 Metaspace       used 108535K, capacity 111112K, committed 111180K, reserved 1144832K
  class space    used 13963K, capacity 14885K, committed 14924K, reserved 1048576K
}

