# JRE version: OpenJDK Runtime Environment (11.0.10) (build 11.0.10+0-b96-7249189)
# Java VM: OpenJDK 64-Bit Server VM (11.0.10+0-b96-7249189, mixed mode, tiered, compressed oops, g1 gc, windows-amd64)
Heap:
 garbage-first heap   total 634880K, used 225089K [0x0000000080000000, 0x0000000100000000)
  region size 1024K, 5 young (5120K), 5 survivors (5120K)
 Metaspace       used 109754K, capacity 112415K, committed 112716K, reserved 1146880K
  class space    used 14127K, capacity 15133K, committed 15180K, reserved 1048576K
GC Heap History (20 events):
Event: 16.690 GC heap after
{Heap after GC invocations=35 (full 0):
 garbage-first heap   total 189440K, used 119606K [0x0000000080000000, 0x0000000100000000)
  region size 1024K, 3 young (3072K), 3 survivors (3072K)
 Metaspace       used 100886K, capacity 103087K, committed 103372K, reserved 1138688K
  class space    used 12826K, capacity 13666K, committed 13772K, reserved 1048576K
}
Event: 16.891 GC heap before
{Heap before GC invocations=35 (full 0):
 garbage-first heap   total 189440K, used 169782K [0x0000000080000000, 0x0000000100000000)
  region size 1024K, 33 young (33792K), 3 survivors (3072K)
 Metaspace       used 102917K, capacity 105222K, committed 105420K, reserved 1140736K
  class space    used 13088K, capacity 13953K, committed 14028K, reserved 1048576K
}
Event: 16.900 GC heap after
{Heap after GC invocations=36 (full 0):
 garbage-first heap   total 189440K, used 140421K [0x0000000080000000, 0x0000000100000000)
  region size 1024K, 5 young (5120K), 5 survivors (5120K)
 Metaspace       used 102917K, capacity 105222K, committed 105420K, reserved 1140736K
  class space    used 13088K, capacity 13953K, committed 14028K, reserved 1048576K
}
Event: 16.984 GC heap before
{Heap before GC invocations=37 (full 0):
 garbage-first heap   total 189440K, used 156805K [0x0000000080000000, 0x0000000100000000)
  region size 1024K, 22 young (22528K), 5 survivors (5120K)
 Metaspace       used 103587K, capacity 105900K, committed 106316K, reserved 1140736K
  class space    used 13142K, capacity 13987K, committed 14156K, reserved 1048576K
}
Event: 16.998 GC heap after
{Heap after GC invocations=38 (full 0):
 garbage-first heap   total 227328K, used 146432K [0x0000000080000000, 0x0000000100000000)
  region size 1024K, 3 young (3072K), 3 survivors (3072K)
 Metaspace       used 103587K, capacity 105900K, committed 106316K, reserved 1140736K
  class space    used 13142K, capacity 13987K, committed 14156K, reserved 1048576K
}
Event: 17.009 GC heap before
{Heap before GC invocations=38 (full 0):
 garbage-first heap   total 227328K, used 147456K [0x0000000080000000, 0x0000000100000000)
  region size 1024K, 6 young (6144K), 3 survivors (3072K)
 Metaspace       used 103613K, capacity 105932K, committed 106316K, reserved 1140736K
  class space    used 13145K, capacity 14019K, committed 14156K, reserved 1048576K
}
Event: 17.016 GC heap after
{Heap after GC invocations=39 (full 0):
 garbage-first heap   total 227328K, used 148120K [0x0000000080000000, 0x0000000100000000)
  region size 1024K, 2 young (2048K), 2 survivors (2048K)
 Metaspace       used 103613K, capacity 105932K, committed 106316K, reserved 1140736K
  class space    used 13145K, capacity 14019K, committed 14156K, reserved 1048576K
}
Event: 17.155 GC heap before
{Heap before GC invocations=39 (full 0):
 garbage-first heap   total 227328K, used 172696K [0x0000000080000000, 0x0000000100000000)
  region size 1024K, 23 young (23552K), 2 survivors (2048K)
 Metaspace       used 104538K, capacity 106907K, committed 107212K, reserved 1142784K
  class space    used 13280K, capacity 14152K, committed 14284K, reserved 1048576K
}
Event: 17.167 GC heap after
{Heap after GC invocations=40 (full 0):
 garbage-first heap   total 227328K, used 157236K [0x0000000080000000, 0x0000000100000000)
  region size 1024K, 3 young (3072K), 3 survivors (3072K)
 Metaspace       used 104538K, capacity 106907K, committed 107212K, reserved 1142784K
  class space    used 13280K, capacity 14152K, committed 14284K, reserved 1048576K
}
Event: 17.419 GC heap before
{Heap before GC invocations=41 (full 0):
 garbage-first heap   total 227328K, used 177716K [0x0000000080000000, 0x0000000100000000)
  region size 1024K, 23 young (23552K), 3 survivors (3072K)
 Metaspace       used 106805K, capacity 109274K, committed 109388K, reserved 1144832K
  class space    used 13727K, capacity 14650K, committed 14668K, reserved 1048576K
}
Event: 17.436 GC heap after
{Heap after GC invocations=42 (full 0):
 garbage-first heap   total 227328K, used 163456K [0x0000000080000000, 0x0000000100000000)
  region size 1024K, 3 young (3072K), 3 survivors (3072K)
 Metaspace       used 106805K, capacity 109274K, committed 109388K, reserved 1144832K
  class space    used 13727K, capacity 14650K, committed 14668K, reserved 1048576K
}
Event: 17.522 GC heap before
{Heap before GC invocations=42 (full 0):
 garbage-first heap   total 227328K, used 181888K [0x0000000080000000, 0x0000000100000000)
  region size 1024K, 21 young (21504K), 3 survivors (3072K)
 Metaspace       used 106911K, capacity 109345K, committed 109388K, reserved 1144832K
  class space    used 13728K, capacity 14650K, committed 14668K, reserved 1048576K
}
Event: 17.539 GC heap after
{Heap after GC invocations=43 (full 0):
 garbage-first heap   total 317440K, used 172828K [0x0000000080000000, 0x0000000100000000)
  region size 1024K, 3 young (3072K), 3 survivors (3072K)
 Metaspace       used 106911K, capacity 109345K, committed 109388K, reserved 1144832K
  class space    used 13728K, capacity 14650K, committed 14668K, reserved 1048576K
}
Event: 17.740 GC heap before
{Heap before GC invocations=43 (full 0):
 garbage-first heap   total 317440K, used 213788K [0x0000000080000000, 0x0000000100000000)
  region size 1024K, 44 young (45056K), 3 survivors (3072K)
 Metaspace       used 107003K, capacity 109415K, committed 109644K, reserved 1144832K
  class space    used 13728K, capacity 14650K, committed 14668K, reserved 1048576K
}
Event: 17.763 GC heap after
{Heap after GC invocations=44 (full 0):
 garbage-first heap   total 317440K, used 194956K [0x0000000080000000, 0x0000000100000000)
  region size 1024K, 6 young (6144K), 6 survivors (6144K)
 Metaspace       used 107003K, capacity 109415K, committed 109644K, reserved 1144832K
  class space    used 13728K, capacity 14650K, committed 14668K, reserved 1048576K
}
Event: 18.052 GC heap before
{Heap before GC invocations=45 (full 0):
 garbage-first heap   total 317440K, used 230796K [0x0000000080000000, 0x0000000100000000)
  region size 1024K, 41 young (41984K), 6 survivors (6144K)
 Metaspace       used 108338K, capacity 110895K, committed 111180K, reserved 1144832K
  class space    used 13922K, capacity 14865K, committed 14924K, reserved 1048576K
}
Event: 18.078 GC heap after
{Heap after GC invocations=46 (full 0):
 garbage-first heap   total 317440K, used 210944K [0x0000000080000000, 0x0000000100000000)
  region size 1024K, 6 young (6144K), 6 survivors (6144K)
 Metaspace       used 108338K, capacity 110895K, committed 111180K, reserved 1144832K
  class space    used 13922K, capacity 14865K, committed 14924K, reserved 1048576K
}
Event: 18.281 GC heap before
{Heap before GC invocations=46 (full 0):
 garbage-first heap   total 317440K, used 233472K [0x0000000080000000, 0x0000000100000000)
  region size 1024K, 29 young (29696K), 6 survivors (6144K)
 Metaspace       used 108931K, capacity 111505K, committed 111820K, reserved 1146880K
  class space    used 14008K, capacity 14977K, committed 15052K, reserved 1048576K
}
Event: 18.299 GC heap after
{Heap after GC invocations=47 (full 0):
 garbage-first heap   total 317440K, used 217525K [0x0000000080000000, 0x0000000100000000)
  region size 1024K, 5 young (5120K), 5 survivors (5120K)
 Metaspace       used 108931K, capacity 111505K, committed 111820K, reserved 1146880K
  class space    used 14008K, capacity 14977K, committed 15052K, reserved 1048576K
}
Event: 18.583 GC heap before
{Heap before GC invocations=47 (full 0):
 garbage-first heap   total 317440K, used 248245K [0x0000000080000000, 0x0000000100000000)
  region size 1024K, 34 young (34816K), 5 survivors (5120K)
 Metaspace       used 109754K, capacity 112415K, committed 112716K, reserved 1146880K
  class space    used 14127K, capacity 15133K, committed 15180K, reserved 1048576K
}

