# JRE version: OpenJDK Runtime Environment (11.0.10) (build 11.0.10+0-b96-7249189)
# Java VM: OpenJDK 64-Bit Server VM (11.0.10+0-b96-7249189, mixed mode, tiered, compressed oops, g1 gc, windows-amd64)
Heap:
 garbage-first heap   total 131072K, used 56848K [0x0000000081800000, 0x0000000100000000)
  region size 1024K, 43 young (44032K), 6 survivors (6144K)
 Metaspace       used 42460K, capacity 42939K, committed 43184K, reserved 1087488K
  class space    used 5118K, capacity 5301K, committed 5376K, reserved 1048576K
GC Heap History (8 events):
Event: 0.431 GC heap before
{Heap before GC invocations=0 (full 0):
 garbage-first heap   total 131072K, used 27648K [0x0000000081800000, 0x0000000100000000)
  region size 1024K, 24 young (24576K), 0 survivors (0K)
 Metaspace       used 12294K, capacity 12341K, committed 12544K, reserved 1060864K
  class space    used 1159K, capacity 1174K, committed 1280K, reserved 1048576K
}
Event: 0.435 GC heap after
{Heap after GC invocations=1 (full 0):
 garbage-first heap   total 131072K, used 6001K [0x0000000081800000, 0x0000000100000000)
  region size 1024K, 3 young (3072K), 3 survivors (3072K)
 Metaspace       used 12294K, capacity 12341K, committed 12544K, reserved 1060864K
  class space    used 1159K, capacity 1174K, committed 1280K, reserved 1048576K
}
Event: 0.914 GC heap before
{Heap before GC invocations=1 (full 0):
 garbage-first heap   total 131072K, used 41841K [0x0000000081800000, 0x0000000100000000)
  region size 1024K, 39 young (39936K), 3 survivors (3072K)
 Metaspace       used 20888K, capacity 21212K, committed 21296K, reserved 1069056K
  class space    used 2269K, capacity 2412K, committed 2432K, reserved 1048576K
}
Event: 0.924 GC heap after
{Heap after GC invocations=2 (full 0):
 garbage-first heap   total 131072K, used 9312K [0x0000000081800000, 0x0000000100000000)
  region size 1024K, 7 young (7168K), 7 survivors (7168K)
 Metaspace       used 20888K, capacity 21212K, committed 21296K, reserved 1069056K
  class space    used 2269K, capacity 2412K, committed 2432K, reserved 1048576K
}
Event: 1.652 GC heap before
{Heap before GC invocations=3 (full 0):
 garbage-first heap   total 131072K, used 64608K [0x0000000081800000, 0x0000000100000000)
  region size 1024K, 56 young (57344K), 7 survivors (7168K)
 Metaspace       used 32341K, capacity 32799K, committed 32944K, reserved 1077248K
  class space    used 4097K, capacity 4293K, committed 4352K, reserved 1048576K
}
Event: 1.668 GC heap after
{Heap after GC invocations=4 (full 0):
 garbage-first heap   total 131072K, used 20614K [0x0000000081800000, 0x0000000100000000)
  region size 1024K, 7 young (7168K), 7 survivors (7168K)
 Metaspace       used 32341K, capacity 32799K, committed 32944K, reserved 1077248K
  class space    used 4097K, capacity 4293K, committed 4352K, reserved 1048576K
}
Event: 1.831 GC heap before
{Heap before GC invocations=4 (full 0):
 garbage-first heap   total 131072K, used 32902K [0x0000000081800000, 0x0000000100000000)
  region size 1024K, 20 young (20480K), 7 survivors (7168K)
 Metaspace       used 35207K, capacity 35690K, committed 35888K, reserved 1081344K
  class space    used 4413K, capacity 4617K, committed 4736K, reserved 1048576K
}
Event: 1.840 GC heap after
{Heap after GC invocations=5 (full 0):
 garbage-first heap   total 131072K, used 19984K [0x0000000081800000, 0x0000000100000000)
  region size 1024K, 6 young (6144K), 6 survivors (6144K)
 Metaspace       used 35207K, capacity 35690K, committed 35888K, reserved 1081344K
  class space    used 4413K, capacity 4617K, committed 4736K, reserved 1048576K
}

