# JRE version: OpenJDK Runtime Environment (11.0.10) (build 11.0.10+0-b96-7249189)
# Java VM: OpenJDK 64-Bit Server VM (11.0.10+0-b96-7249189, mixed mode, tiered, compressed oops, g1 gc, windows-amd64)
Heap:
 garbage-first heap   total 159744K, used 23026K [0x0000000081800000, 0x0000000100000000)
  region size 1024K, 5 young (5120K), 5 survivors (5120K)
 Metaspace       used 41497K, capacity 41936K, committed 42032K, reserved 1105920K
  class space    used 5026K, capacity 5203K, committed 5248K, reserved 1048576K
GC Heap History (12 events):
Event: 0.427 GC heap before
{Heap before GC invocations=0 (full 0):
 garbage-first heap   total 131072K, used 27648K [0x0000000081800000, 0x0000000100000000)
  region size 1024K, 24 young (24576K), 0 survivors (0K)
 Metaspace       used 12295K, capacity 12341K, committed 12544K, reserved 1060864K
  class space    used 1159K, capacity 1174K, committed 1280K, reserved 1048576K
}
Event: 0.430 GC heap after
{Heap after GC invocations=1 (full 0):
 garbage-first heap   total 131072K, used 5966K [0x0000000081800000, 0x0000000100000000)
  region size 1024K, 3 young (3072K), 3 survivors (3072K)
 Metaspace       used 12295K, capacity 12341K, committed 12544K, reserved 1060864K
  class space    used 1159K, capacity 1174K, committed 1280K, reserved 1048576K
}
Event: 0.917 GC heap before
{Heap before GC invocations=1 (full 0):
 garbage-first heap   total 131072K, used 41806K [0x0000000081800000, 0x0000000100000000)
  region size 1024K, 39 young (39936K), 3 survivors (3072K)
 Metaspace       used 20956K, capacity 21220K, committed 21296K, reserved 1069056K
  class space    used 2278K, capacity 2416K, committed 2432K, reserved 1048576K
}
Event: 0.928 GC heap after
{Heap after GC invocations=2 (full 0):
 garbage-first heap   total 131072K, used 9200K [0x0000000081800000, 0x0000000100000000)
  region size 1024K, 6 young (6144K), 6 survivors (6144K)
 Metaspace       used 20956K, capacity 21220K, committed 21296K, reserved 1069056K
  class space    used 2278K, capacity 2416K, committed 2432K, reserved 1048576K
}
Event: 1.822 GC heap before
{Heap before GC invocations=3 (full 0):
 garbage-first heap   total 131072K, used 63472K [0x0000000081800000, 0x0000000100000000)
  region size 1024K, 54 young (55296K), 6 survivors (6144K)
 Metaspace       used 32184K, capacity 32671K, committed 32944K, reserved 1077248K
  class space    used 4083K, capacity 4293K, committed 4352K, reserved 1048576K
}
Event: 1.837 GC heap after
{Heap after GC invocations=4 (full 0):
 garbage-first heap   total 131072K, used 20494K [0x0000000081800000, 0x0000000100000000)
  region size 1024K, 7 young (7168K), 7 survivors (7168K)
 Metaspace       used 32184K, capacity 32671K, committed 32944K, reserved 1077248K
  class space    used 4083K, capacity 4293K, committed 4352K, reserved 1048576K
}
Event: 1.918 GC heap before
{Heap before GC invocations=4 (full 0):
 garbage-first heap   total 131072K, used 26638K [0x0000000081800000, 0x0000000100000000)
  region size 1024K, 13 young (13312K), 7 survivors (7168K)
 Metaspace       used 33860K, capacity 34335K, committed 34480K, reserved 1079296K
  class space    used 4279K, capacity 4485K, committed 4608K, reserved 1048576K
}
Event: 1.927 GC heap after
{Heap after GC invocations=5 (full 0):
 garbage-first heap   total 131072K, used 21724K [0x0000000081800000, 0x0000000100000000)
  region size 1024K, 1 young (1024K), 1 survivors (1024K)
 Metaspace       used 33860K, capacity 34335K, committed 34480K, reserved 1079296K
  class space    used 4279K, capacity 4485K, committed 4608K, reserved 1048576K
}
Event: 2.041 GC heap before
{Heap before GC invocations=5 (full 0):
 garbage-first heap   total 131072K, used 30940K [0x0000000081800000, 0x0000000100000000)
  region size 1024K, 11 young (11264K), 1 survivors (1024K)
 Metaspace       used 35319K, capacity 35755K, committed 35888K, reserved 1081344K
  class space    used 4426K, capacity 4617K, committed 4736K, reserved 1048576K
}
Event: 2.044 GC heap after
{Heap after GC invocations=6 (full 0):
 garbage-first heap   total 159744K, used 20264K [0x0000000081800000, 0x0000000100000000)
  region size 1024K, 2 young (2048K), 2 survivors (2048K)
 Metaspace       used 35319K, capacity 35755K, committed 35888K, reserved 1081344K
  class space    used 4426K, capacity 4617K, committed 4736K, reserved 1048576K
}
Event: 2.421 GC heap before
{Heap before GC invocations=7 (full 0):
 garbage-first heap   total 159744K, used 53032K [0x0000000081800000, 0x0000000100000000)
  region size 1024K, 35 young (35840K), 2 survivors (2048K)
 Metaspace       used 41497K, capacity 41936K, committed 42032K, reserved 1103872K
  class space    used 5026K, capacity 5203K, committed 5248K, reserved 1048576K
}
Event: 2.426 GC heap after
{Heap after GC invocations=8 (full 0):
 garbage-first heap   total 159744K, used 23026K [0x0000000081800000, 0x0000000100000000)
  region size 1024K, 5 young (5120K), 5 survivors (5120K)
 Metaspace       used 41497K, capacity 41936K, committed 42032K, reserved 1103872K
  class space    used 5026K, capacity 5203K, committed 5248K, reserved 1048576K
}

